{"timestamp":"2023-07-14T03:42:53.091331813Z","status":"Success","message":"Hello"}
{"timestamp":"2023-07-14T03:42:53.091379201Z","status":"Success","message":"World!"}
{"timestamp":"2023-07-14T03:42:54.091708451Z","status":"Success","message":"Hello"}
{"timestamp":"2023-07-14T03:42:54.091934110Z","status":"Success","message":"World!"}
{"timestamp":"2023-07-14T03:42:55.092842764Z","status":"Success","message":"Hello"}
{"timestamp":"2023-07-14T03:42:55.093049693Z","status":"Success","message":"World!"}
{"timestamp":"2023-07-14T03:42:56.093899818Z","status":"Success","message":"Hello"}
{"timestamp":"2023-07-14T03:42:56.094095152Z","status":"Success","message":"World!"}
{"timestamp":"2023-07-14T03:42:57.094958331Z","status":"Success","message":"Hello"}
{"timestamp":"2023-07-14T03:42:57.095187313Z","status":"Success","message":"World!"}
{"timestamp":"2023-07-14T03:42:58.095820696Z","status":"Success","message":"Hello"}
{"timestamp":"2023-07-14T03:42:58.096017261Z","status":"Success","message":"World!"}
{"timestamp":"2023-07-14T03:42:59.096903665Z","status":"Success","message":"Hello"}
{"timestamp":"2023-07-14T03:42:59.097097075Z","status":"Success","message":"World!"}
{"timestamp":"2023-07-14T03:43:00.097954859Z","status":"Success","message":"Hello"}
{"timestamp":"2023-07-14T03:43:00.098159809Z","status":"Success","message":"World!"}
{"timestamp":"2023-07-14T03:45:24.111428941Z","status":"Success","message":"Hello"}
{"timestamp":"2023-07-14T03:45:24.111478300Z","status":"Success","message":"World!"}
{"timestamp":"2023-07-14T03:45:25.111938324Z","status":"Success","message":"Hello"}
{"timestamp":"2023-07-14T03:45:25.112084628Z","status":"Success","message":"World!"}
{"timestamp":"2023-07-14T03:45:26.113109447Z","status":"Success","message":"Hello"}
{"timestamp":"2023-07-14T03:45:26.113352780Z","status":"Success","message":"World!"}
{"timestamp":"2023-07-14T03:45:27.114641487Z","status":"Success","message":"Hello"}
{"timestamp":"2023-07-14T03:45:27.114852518Z","status":"Success","message":"World!"}
{"timestamp":"2023-07-14T03:45:28.116075549Z","status":"Success","message":"Hello"}
{"timestamp":"2023-07-14T03:45:28.116285592Z","status":"Success","message":"World!"}
{"timestamp":"2023-07-14T03:45:29.117390554Z","status":"Success","message":"Hello"}
{"timestamp":"2023-07-14T03:45:29.117611293Z","status":"Success","message":"World!"}
{"timestamp":"2023-07-14T03:47:38.170434020Z","status":"Success","message":"Hello"}
{"timestamp":"2023-07-14T03:47:38.170474825Z","status":"Success","message":"World!"}
{"timestamp":"2023-07-14T03:47:39.171071959Z","status":"Success","message":"Hello"}
{"timestamp":"2023-07-14T03:47:39.171283478Z","status":"Success","message":"World!"}
{"timestamp":"2023-07-14T03:47:40.172506573Z","status":"Success","message":"Hello"}
{"timestamp":"2023-07-14T03:47:40.172719569Z","status":"Success","message":"World!"}
{"timestamp":"2023-07-14T03:47:41.173921025Z","status":"Success","message":"Hello"}
{"timestamp":"2023-07-14T03:47:41.174138771Z","status":"Success","message":"World!"}
{"timestamp":"2023-07-14T03:50:35.792048359Z","status":"Success","message":"Hello"}
{"timestamp":"2023-07-14T03:50:35.792225833Z","status":"Success","message":"World!"}
{"timestamp":"2023-07-14T03:50:36.792715740Z","status":"Success","message":"Hello"}
{"timestamp":"2023-07-14T03:50:36.792954136Z","status":"Success","message":"World!"}
{"timestamp":"2023-07-14T03:53:18.386806103Z","status":"Success","message":"Hello"}
{"timestamp":"2023-07-14T03:53:18.386857274Z","status":"Success","message":"World!"}
{"timestamp":"2023-07-14T03:53:19.387598755Z","status":"Success","message":"Hello"}
{"timestamp":"2023-07-14T03:53:19.387841881Z","status":"Success","message":"World!"}
{"timestamp":"2023-07-14T03:53:20.389733773Z","status":"Success","message":"Hello"}
{"timestamp":"2023-07-14T03:53:20.389993562Z","status":"Success","message":"World!"}
{"timestamp":"2023-07-14T03:54:27.604541733Z","status":"Success","message":"Hello"}
{"timestamp":"2023-07-14T03:54:27.604586623Z","status":"Pending","message":"..."}
{"timestamp":"2023-07-14T03:54:27.604601854Z","status":"Error","message":"World!"}
{"timestamp":"2023-07-14T03:54:28.605239693Z","status":"Success","message":"Hello"}
{"timestamp":"2023-07-14T03:54:28.605470446Z","status":"Pending","message":"..."}
{"timestamp":"2023-07-14T03:54:28.605548413Z","status":"Error","message":"World!"}
{"timestamp":"2023-07-14T03:54:29.607257313Z","status":"Success","message":"Hello"}
{"timestamp":"2023-07-14T03:54:29.607456439Z","status":"Pending","message":"..."}
{"timestamp":"2023-07-14T03:54:29.607522637Z","status":"Error","message":"World!"}
{"timestamp":"2023-07-14T03:54:30.609395303Z","status":"Success","message":"Hello"}
{"timestamp":"2023-07-14T03:54:30.609633536Z","status":"Pending","message":"..."}
{"timestamp":"2023-07-14T03:54:30.609712003Z","status":"Error","message":"World!"}
{"timestamp":"2023-07-14T03:54:31.611596341Z","status":"Success","message":"Hello"}
{"timestamp":"2023-07-14T03:54:31.611789024Z","status":"Pending","message":"..."}
{"timestamp":"2023-07-14T03:54:31.611904205Z","status":"Error","message":"World!"}
{"timestamp":"2023-07-14T03:58:54.619387090Z","status":"Success","message":"Hello"}
{"timestamp":"2023-07-14T03:58:54.619522944Z","status":"Pending","message":"..."}
{"timestamp":"2023-07-14T03:58:54.619568895Z","status":"Error","message":"World!"}
{"timestamp":"2023-07-14T03:58:55.620493768Z","status":"Success","message":"Hello"}
{"timestamp":"2023-07-14T03:58:55.620701438Z","status":"Pending","message":"..."}
{"timestamp":"2023-07-14T03:58:55.620811047Z","status":"Error","message":"World!"}
{"timestamp":"2023-07-14T04:21:33.162997355Z","status":"Pending","message":"Pending..."}
{"timestamp":"2023-07-14T04:21:52.302330822Z","status":"Pending","message":"Pending..."}
{"timestamp":"2023-07-14T04:25:46.410551669Z","status":"Pending","message":"Pending..."}
{"timestamp":"2023-07-14T04:26:24.973786127Z","status":"Pending","message":"Pending..."}
{"timestamp":"2023-07-14T04:35:57.708919679Z","status":"Pending","message":"Pending..."}
{"timestamp":"2023-07-14T04:37:13.262985794Z","status":"Pending","message":"Pending..."}
{"timestamp":"2023-07-14T04:47:56.094732683Z","status":"Pending","message":"Pending..."}
{"timestamp":"2023-07-14T05:01:28.922292136Z","status":"Pending","message":"Pending..."}
{"timestamp":"2023-07-14T05:01:43.296620283Z","status":"Pending","message":"Pending..."}
{"timestamp":"2023-07-14T05:01:43.296697036Z","status":"Pending","message":"Pending..."}
{"timestamp":"2023-07-14T05:02:25.879598092Z","status":"Pending","message":"Pending..."}
{"timestamp":"2023-07-14T05:02:25.880041468Z","status":"Error","message":"Hello"}
{"timestamp":"2023-07-14T05:02:25.880068735Z","status":"Success","message":"World!"}
{"timestamp":"2023-07-14T05:03:16.488776268Z","status":"Pending","message":"Pending..."}
{"timestamp":"2023-07-14T05:03:16.489106264Z","status":"Error","message":"Hello"}
{"timestamp":"2023-07-14T05:03:16.489131522Z","status":"Success","message":"World!"}
{"timestamp":"2023-07-14T05:03:19.215918996Z","status":"Pending","message":"Pending..."}
{"timestamp":"2023-07-14T05:03:19.216212232Z","status":"Error","message":"Hello"}
{"timestamp":"2023-07-14T05:03:19.216238902Z","status":"Success","message":"World!"}
{"timestamp":"2023-07-14T05:03:20.866425843Z","status":"Pending","message":"Pending..."}
{"timestamp":"2023-07-14T05:03:20.866703958Z","status":"Error","message":"Hello"}
{"timestamp":"2023-07-14T05:03:20.866724637Z","status":"Success","message":"World!"}
{"timestamp":"2023-07-18T07:28:10.736671474Z","status":"Pending","message":"Pending..."}
{"timestamp":"2023-07-18T07:28:10.737196756Z","status":"Error","message":"Hello"}
{"timestamp":"2023-07-18T07:28:10.737224029Z","status":"Success","message":"World!"}
{"timestamp":"2023-07-18T07:29:06.497197856Z","status":"Pending","message":"Pending..."}
{"timestamp":"2023-07-18T07:29:06.497899698Z","status":"Error","message":"Hello"}
{"timestamp":"2023-07-18T07:29:06.498004833Z","status":"Success","message":"World!"}
{"timestamp":"2023-07-18T07:36:09.116605672Z","status":"Success","message":"a"}
{"timestamp":"2023-07-18T07:40:36.784598960Z","status":"Pending","message":"a"}
{"timestamp":"2023-07-18T07:41:40.464624936Z","status":"Error","message":"a"}
{"timestamp":"2023-07-18T07:47:49.570496503Z","status":"Error","message":"That was not good"}
{"timestamp":"2023-07-18T07:48:09.818579086Z","status":"Success","message":"You fixed it"}
{"timestamp":"2023-07-18T07:51:44.174267192Z","status":"Success","message":"You fixed it again"}
{"timestamp":"2023-07-18T07:52:21.592050434Z","status":"Success","message":"You fixed it again"}
{"timestamp":"2023-07-18T07:53:21.145275431Z","status":"Success","message":"You fixed it again"}
{"timestamp":"2023-07-18T07:53:30.581068118Z","status":"Success","message":"You fixed it again"}
{"timestamp":"2023-07-18T07:53:33.940526305Z","status":"Success","message":"You fixed it again"}
{"timestamp":"2023-07-18T07:53:38.966075445Z","status":"Success","message":"You fixed it again"}
{"timestamp":"2023-07-19T04:31:41.969936385Z","status":"Error","message":"Something went wrong"}
{"timestamp":"2023-07-19T04:32:08.412321592Z","status":"Error","message":"Something went wrong"}
{"timestamp":"2023-07-19T04:32:14.438247574Z","status":"Error","message":"Something went wrong"}
{"timestamp":"2023-07-19T04:32:29.074291817Z","status":"Error","message":"Something went wrong"}
{"timestamp":"2023-07-19T04:44:38.765629420Z","status":"Error","message":"Something went wrong"}
{"timestamp":"2023-07-19T04:45:24.507515600Z","status":"Error","message":"Something went wrong"}
{"timestamp":"2023-07-19T04:45:42.433738085Z","status":"Error","message":"Something went wrong"}
{"timestamp":"2023-07-19T04:45:45.719146959Z","status":"Error","message":"Something went wrong"}
{"timestamp":"2023-07-19T04:45:46.954962216Z","status":"Error","message":"Something went wrong"}
{"timestamp":"2023-07-19T04:45:48.080605548Z","status":"Error","message":"Something went wrong"}
{"timestamp":"2023-07-19T04:45:48.471422503Z","status":"Error","message":"Something went wrong"}
{"timestamp":"2023-07-19T04:45:48.809679205Z","status":"Error","message":"Something went wrong"}
{"timestamp":"2023-07-19T04:45:49.136875183Z","status":"Error","message":"Something went wrong"}
{"timestamp":"2023-07-21T03:32:37.619065253Z","status":"Success","message":"Heureka"}
{"timestamp":"2023-07-21T03:46:40.003449605Z","status":"Success","message":"Heureka"}
{"timestamp":"2023-07-21T03:48:09.513329837Z","status":"Success","message":"Heureka it is working"}
{"timestamp":"2023-07-21T03:56:12.979418375Z","status":"Success","message":"Heureka it is workingsadf"}
{"timestamp":"2023-07-21T03:57:11.656537589Z","status":"Success","message":"Heureka it is workingsadf"}
{"timestamp":"2023-07-21T03:57:24.677130258Z","status":"Success","message":"Heureka it is workingsadasdff"}
{"timestamp":"2023-07-21T03:57:52.816117767Z","status":"Success","message":"Heureka it is workingsadasdff"}
{"timestamp":"2023-07-21T04:01:38.258666962Z","status":"Success","message":"Heureka it is workingsadasdff"}
{"timestamp":"2023-07-21T04:07:11.365958470Z","status":"Error","message":"Something went wrong"}
{"timestamp":"2023-07-21T04:46:57.284739247Z","status":"Success","message":"Works"}
{"timestamp":"2023-07-21T04:50:43.304406762Z","status":"Success","message":"\n"}
{"timestamp":"2023-07-21T04:51:11.985106235Z","status":"Success","message":"a"}
{"timestamp":"2023-07-21T04:51:51.433960030Z","status":"Success","message":"FROM STDIN"}
{"timestamp":"2023-07-21T04:52:49.082787980Z","status":"Success","message":"FROM STDIN"}
{"timestamp":"2023-07-21T04:52:57.342772840Z","status":"Success","message":"\n"}
{"timestamp":"2023-07-21T04:53:35.159028390Z","status":"Success","message":"\n"}
{"timestamp":"2023-07-21T04:54:03.800330689Z","status":"Success","message":"a\n"}
